<?xml version="1.0" encoding="UTF-8"?>
<testsuite xmlns:xsi="http://www.w3.org/2001/XMLSchema-instance" xsi:noNamespaceSchemaLocation="https://maven.apache.org/surefire/maven-surefire-plugin/xsd/surefire-test-report.xsd" version="3.0.2" name="com.example.blog_system.DemoApplicationTests" time="2.449" tests="1" errors="0" skipped="0" failures="0">
  <properties>
[...]
</properties>
  <testcase name="contextLoads" classname="com.example.blog_system.DemoApplicationTests" time="0.529">
    <system-out><![CDATA[01:01:12.006 [main] INFO org.springframework.test.context.support.AnnotationConfigContextLoaderUtils -- Could not detect default configuration classes for test class [com.example.blog_system.DemoApplicationTests]: DemoApplicationTests does not declare any static, non-private, non-final, nested classes annotated with @Configuration.
01:01:12.077 [main] INFO org.springframework.boot.test.context.SpringBootTestContextBootstrapper -- Found @SpringBootConfiguration com.example.blog_system.DemoApplication for test class com.example.blog_system.DemoApplicationTests
01:01:12.185 [main] INFO org.springframework.boot.devtools.restart.RestartApplicationListener -- Restart disabled due to context in which it is running

  .   ____          _            __ _ _
 /\\ / ___'_ __ _ _(_)_ __  __ _ \ \ \ \
( ( )\___ | '_ | '_| | '_ \/ _` | \ \ \ \
 \\/  ___)| |_)| | | | | || (_| |  ) ) ) )
  '  |____| .__|_| |_|_| |_\__, | / / / /
 =========|_|==============|___/=/_/_/_/

 :: Spring Boot ::                (v3.4.4)

2025-04-21T01:01:12.416+08:00  INFO 61964 --- [demo] [           main] c.e.blog_system.DemoApplicationTests     : Starting DemoApplicationTests using Java 17.0.2 with PID 61964 (started by wuwen in D:\700-code\710-GitHub\java-personal-blog\java-blog-backend)
2025-04-21T01:01:12.417+08:00  INFO 61964 --- [demo] [           main] c.e.blog_system.DemoApplicationTests     : No active profile set, falling back to 1 default profile: "default"
2025-04-21T01:01:13.369+08:00  INFO 61964 --- [demo] [           main] o.s.b.a.w.s.WelcomePageHandlerMapping    : Adding welcome page template: index
2025-04-21T01:01:13.827+08:00  INFO 61964 --- [demo] [           main] c.e.blog_system.DemoApplicationTests     : Started DemoApplicationTests in 1.65 seconds (process running for 2.274)
]]></system-out>
  </testcase>
</testsuite>